TN:
SF:config.ts
FNF:0
FNH:0
DA:1,1
LF:1
LH:1
BRF:0
BRH:0
end_of_record
TN:
SF:src/app.ts
FN:13,(anonymous_8)
FN:13,(anonymous_9)
FN:37,(anonymous_10)
FNF:3
FNH:2
FNDA:1,(anonymous_8)
FNDA:1,(anonymous_9)
FNDA:0,(anonymous_10)
DA:1,1
DA:2,1
DA:3,1
DA:6,1
DA:8,1
DA:9,1
DA:11,1
DA:13,1
DA:16,1
DA:17,1
DA:19,1
DA:20,0
DA:21,0
DA:25,1
DA:27,0
DA:33,1
DA:34,1
DA:35,1
DA:36,1
DA:37,1
DA:38,0
DA:39,0
DA:41,1
DA:46,1
DA:47,1
DA:48,1
DA:49,1
DA:52,1
DA:53,1
DA:54,1
DA:55,1
DA:57,0
DA:61,1
LF:33
LH:27
BRDA:19,0,0,0
BRF:1
BRH:0
end_of_record
TN:
SF:src/auth/generateAccessToken.ts
FN:6,(anonymous_1)
FNF:1
FNH:1
FNDA:4,(anonymous_1)
DA:1,1
DA:2,1
DA:4,1
DA:6,1
DA:7,4
DA:10,4
DA:14,4
DA:15,4
DA:18,1
LF:9
LH:9
BRF:0
BRH:0
end_of_record
TN:
SF:src/auth/generateRefreshToken.ts
FN:7,(anonymous_8)
FN:7,(anonymous_9)
FNF:2
FNH:2
FNDA:3,(anonymous_8)
FNDA:3,(anonymous_9)
DA:1,1
DA:2,1
DA:3,1
DA:5,1
DA:7,3
DA:8,3
DA:9,3
DA:10,3
DA:14,3
DA:15,3
DA:18,1
LF:11
LH:11
BRF:0
BRH:0
end_of_record
TN:
SF:src/auth/index.ts
FN:1,(anonymous_1)
FN:2,(anonymous_2)
FN:4,(anonymous_3)
FN:5,(anonymous_4)
FNF:4
FNH:4
FNDA:4,(anonymous_1)
FNDA:1,(anonymous_2)
FNDA:3,(anonymous_3)
FNDA:1,(anonymous_4)
DA:1,5
DA:2,2
DA:4,4
DA:5,2
LF:4
LH:4
BRF:0
BRH:0
end_of_record
TN:
SF:src/auth/validateAccessToken.ts
FN:7,(anonymous_1)
FN:13,(anonymous_2)
FNF:2
FNH:2
FNDA:2,(anonymous_1)
FNDA:1,(anonymous_2)
DA:1,1
DA:2,1
DA:5,1
DA:7,1
DA:8,2
DA:9,2
DA:11,2
DA:13,1
DA:14,1
DA:16,1
DA:17,1
DA:21,1
LF:12
LH:12
BRDA:9,0,0,2
BRDA:9,0,1,1
BRDA:11,1,0,1
BRDA:14,2,0,0
BRF:4
BRH:3
end_of_record
TN:
SF:src/auth/validateRefreshToken.ts
FN:7,(anonymous_8)
FN:7,(anonymous_9)
FNF:2
FNH:2
FNDA:1,(anonymous_8)
FNDA:1,(anonymous_9)
DA:1,1
DA:2,1
DA:3,1
DA:5,1
DA:7,1
DA:8,1
DA:9,1
DA:10,1
DA:11,0
DA:14,1
DA:15,1
DA:17,0
DA:18,0
DA:22,1
LF:14
LH:11
BRDA:10,0,0,0
BRF:1
BRH:0
end_of_record
TN:
SF:src/models/refreshToken/index.ts
FN:43,(anonymous_14)
FN:52,(anonymous_15)
FNF:2
FNH:1
FNDA:3,(anonymous_14)
FNDA:0,(anonymous_15)
DA:1,1
DA:2,1
DA:3,1
DA:5,1
DA:22,1
DA:43,1
DA:44,3
DA:52,1
DA:53,0
DA:54,0
DA:58,0
DA:59,0
DA:62,1
DA:64,1
DA:65,1
LF:15
LH:11
BRF:0
BRH:0
end_of_record
TN:
SF:src/models/user/index.ts
FN:58,(anonymous_15)
FN:59,(anonymous_17)
FN:63,(anonymous_18)
FN:65,(anonymous_20)
FN:68,(anonymous_21)
FNF:5
FNH:5
FNDA:2,(anonymous_15)
FNDA:2,(anonymous_17)
FNDA:1,(anonymous_18)
FNDA:1,(anonymous_20)
FNDA:4,(anonymous_21)
DA:1,1
DA:2,1
DA:3,1
DA:5,1
DA:7,1
DA:9,1
DA:32,1
DA:58,1
DA:59,2
DA:60,2
DA:63,1
DA:64,1
DA:65,1
DA:68,1
DA:69,4
DA:70,4
DA:71,4
DA:74,1
DA:76,1
LF:19
LH:19
BRF:0
BRH:0
end_of_record
TN:
SF:src/routes/index.ts
FNF:0
FNH:0
DA:1,1
DA:3,1
DA:5,1
DA:7,1
DA:9,1
LF:5
LH:5
BRF:0
BRH:0
end_of_record
TN:
SF:src/routes/user/createUser.ts
FN:5,(anonymous_8)
FN:5,(anonymous_9)
FNF:2
FNH:2
FNDA:4,(anonymous_8)
FNDA:4,(anonymous_9)
DA:2,1
DA:3,1
DA:5,4
DA:6,4
DA:8,4
DA:9,1
DA:11,3
DA:12,1
DA:15,2
DA:16,2
DA:17,1
DA:20,1
DA:21,1
DA:23,1
DA:25,1
DA:26,1
DA:28,1
DA:35,1
LF:18
LH:18
BRDA:8,0,0,1
BRDA:11,1,0,1
BRDA:16,2,0,1
BRF:3
BRH:3
end_of_record
TN:
SF:src/routes/user/getUser.ts
FN:9,(anonymous_8)
FN:9,(anonymous_9)
FNF:2
FNH:2
FNDA:1,(anonymous_8)
FNDA:1,(anonymous_9)
DA:2,1
DA:9,1
DA:10,1
DA:11,1
DA:12,1
DA:13,1
DA:14,0
DA:17,1
DA:18,1
DA:19,0
DA:22,1
DA:23,1
DA:26,0
DA:27,0
DA:31,1
LF:15
LH:11
BRDA:13,0,0,0
BRDA:18,1,0,0
BRF:2
BRH:0
end_of_record
TN:
SF:src/routes/user/index.ts
FNF:0
FNH:0
DA:1,1
DA:3,1
DA:5,1
DA:6,1
DA:7,1
DA:8,1
DA:11,1
DA:13,1
DA:15,1
DA:16,1
DA:17,1
DA:22,1
LF:12
LH:12
BRF:0
BRH:0
end_of_record
TN:
SF:src/routes/user/loginUser.ts
FN:5,(anonymous_8)
FN:5,(anonymous_9)
FNF:2
FNH:2
FNDA:2,(anonymous_8)
FNDA:2,(anonymous_9)
DA:2,1
DA:3,1
DA:5,2
DA:6,2
DA:7,2
DA:9,2
DA:10,0
DA:13,2
DA:14,2
DA:15,0
DA:18,2
DA:19,2
DA:21,2
DA:28,0
DA:29,0
DA:33,1
LF:16
LH:12
BRDA:9,0,0,0
BRDA:9,1,0,2
BRDA:9,1,1,2
BRDA:14,2,0,0
BRDA:14,3,0,2
BRDA:14,3,1,2
BRF:6
BRH:4
end_of_record
TN:
SF:src/routes/user/refreshToken.ts
FN:5,(anonymous_8)
FN:5,(anonymous_9)
FNF:2
FNH:2
FNDA:2,(anonymous_8)
FNDA:2,(anonymous_9)
DA:2,1
DA:3,1
DA:5,2
DA:6,2
DA:7,2
DA:9,2
DA:10,0
DA:13,2
DA:14,2
DA:15,1
DA:18,1
DA:19,1
DA:20,0
DA:23,1
DA:25,1
DA:28,0
DA:29,0
DA:33,1
LF:18
LH:14
BRDA:9,0,0,0
BRDA:14,1,0,1
BRDA:19,2,0,0
BRF:3
BRH:1
end_of_record
TN:
SF:src/services/mongoose.ts
FN:5,(anonymous_8)
FN:9,(anonymous_9)
FN:16,(anonymous_10)
FN:16,(anonymous_11)
FNF:4
FNH:1
FNDA:1,(anonymous_8)
FNDA:0,(anonymous_9)
FNDA:0,(anonymous_10)
FNDA:0,(anonymous_11)
DA:3,1
DA:5,1
DA:6,1
DA:9,1
DA:10,0
DA:11,0
DA:14,1
DA:16,1
DA:17,0
DA:18,0
DA:22,0
DA:25,1
LF:12
LH:7
BRF:0
BRH:0
end_of_record
TN:
SF:src/services/socket.ts
FN:26,(anonymous_7)
FN:34,(anonymous_8)
FN:42,(anonymous_10)
FN:46,(anonymous_11)
FN:49,(anonymous_13)
FN:53,(anonymous_15)
FN:57,(anonymous_17)
FN:62,(anonymous_19)
FN:71,(anonymous_21)
FN:76,(anonymous_23)
FN:77,(anonymous_24)
FN:78,(anonymous_25)
FN:79,(anonymous_26)
FNF:13
FNH:2
FNDA:1,(anonymous_7)
FNDA:1,(anonymous_8)
FNDA:0,(anonymous_10)
FNDA:0,(anonymous_11)
FNDA:0,(anonymous_13)
FNDA:0,(anonymous_15)
FNDA:0,(anonymous_17)
FNDA:0,(anonymous_19)
FNDA:0,(anonymous_21)
FNDA:0,(anonymous_23)
FNDA:0,(anonymous_24)
FNDA:0,(anonymous_25)
FNDA:0,(anonymous_26)
DA:3,1
DA:27,1
DA:28,1
DA:36,1
DA:42,1
DA:43,1
DA:72,0
DA:75,0
DA:76,0
DA:77,0
DA:78,0
DA:79,0
DA:84,1
DA:86,1
LF:14
LH:8
BRF:0
BRH:0
end_of_record
TN:
SF:tests/integration/setupDB.ts
FN:4,(anonymous_8)
FN:4,(anonymous_9)
FN:13,(anonymous_10)
FN:13,(anonymous_11)
FN:19,(anonymous_12)
FN:19,(anonymous_13)
FNF:6
FNH:6
FNDA:1,(anonymous_8)
FNDA:1,(anonymous_9)
FNDA:1,(anonymous_10)
FNDA:1,(anonymous_11)
FNDA:1,(anonymous_12)
FNDA:1,(anonymous_13)
DA:1,1
DA:2,1
DA:4,1
DA:5,1
DA:6,1
DA:8,1
DA:10,1
DA:13,1
DA:14,1
DA:15,1
DA:16,1
DA:19,1
DA:20,1
DA:21,1
DA:22,2
DA:26,1
LF:16
LH:16
BRF:0
BRH:0
end_of_record
