TN:
SF:config.ts
FNF:0
FNH:0
DA:1,3
LF:1
LH:1
BRF:0
BRH:0
end_of_record
TN:
SF:src/app.ts
FN:15,(anonymous_8)
FN:15,(anonymous_9)
FN:39,(anonymous_10)
FN:63,(anonymous_11)
FN:63,(anonymous_12)
FNF:5
FNH:4
FNDA:3,(anonymous_8)
FNDA:3,(anonymous_9)
FNDA:0,(anonymous_10)
FNDA:3,(anonymous_11)
FNDA:3,(anonymous_12)
DA:1,3
DA:2,3
DA:3,3
DA:6,3
DA:8,3
DA:9,3
DA:11,3
DA:15,3
DA:18,3
DA:19,3
DA:21,3
DA:22,0
DA:23,0
DA:27,3
DA:29,0
DA:35,3
DA:36,3
DA:37,3
DA:38,3
DA:39,3
DA:40,0
DA:41,0
DA:43,3
DA:48,3
DA:49,3
DA:50,3
DA:51,3
DA:54,3
DA:55,3
DA:56,3
DA:57,3
DA:59,0
DA:63,3
DA:64,3
LF:34
LH:28
BRDA:21,0,0,0
BRF:1
BRH:0
end_of_record
TN:
SF:src/auth/generateAccessToken.ts
FN:6,(anonymous_1)
FNF:1
FNH:1
FNDA:6,(anonymous_1)
DA:1,3
DA:2,3
DA:4,3
DA:6,3
DA:7,6
DA:10,6
DA:14,6
DA:15,6
DA:18,3
LF:9
LH:9
BRF:0
BRH:0
end_of_record
TN:
SF:src/auth/generateRefreshToken.ts
FN:7,(anonymous_8)
FN:7,(anonymous_9)
FNF:2
FNH:2
FNDA:5,(anonymous_8)
FNDA:5,(anonymous_9)
DA:1,3
DA:2,3
DA:3,3
DA:5,3
DA:7,5
DA:8,5
DA:9,5
DA:10,5
DA:14,5
DA:15,5
DA:18,3
LF:11
LH:11
BRF:0
BRH:0
end_of_record
TN:
SF:src/auth/index.ts
FN:1,(anonymous_1)
FN:2,(anonymous_2)
FN:4,(anonymous_3)
FN:5,(anonymous_4)
FNF:4
FNH:4
FNDA:6,(anonymous_1)
FNDA:21,(anonymous_2)
FNDA:5,(anonymous_3)
FNDA:1,(anonymous_4)
DA:1,9
DA:2,24
DA:4,8
DA:5,4
LF:4
LH:4
BRF:0
BRH:0
end_of_record
TN:
SF:src/auth/validateAccessToken.ts
FN:7,(anonymous_1)
FN:13,(anonymous_2)
FNF:2
FNH:2
FNDA:24,(anonymous_1)
FNDA:19,(anonymous_2)
DA:1,3
DA:2,3
DA:5,3
DA:7,3
DA:8,24
DA:9,24
DA:11,24
DA:13,19
DA:14,19
DA:16,16
DA:17,16
DA:21,3
LF:12
LH:12
BRDA:9,0,0,24
BRDA:9,0,1,19
BRDA:11,1,0,5
BRDA:14,2,0,3
BRF:4
BRH:4
end_of_record
TN:
SF:src/auth/validateRefreshToken.ts
FN:7,(anonymous_8)
FN:7,(anonymous_9)
FNF:2
FNH:2
FNDA:1,(anonymous_8)
FNDA:1,(anonymous_9)
DA:1,3
DA:2,3
DA:3,3
DA:5,3
DA:7,3
DA:8,1
DA:9,1
DA:10,1
DA:11,0
DA:14,1
DA:15,1
DA:17,0
DA:18,0
DA:22,3
LF:14
LH:11
BRDA:10,0,0,0
BRF:1
BRH:0
end_of_record
TN:
SF:src/models/refreshToken/index.ts
FN:43,(anonymous_14)
FN:52,(anonymous_15)
FNF:2
FNH:1
FNDA:5,(anonymous_14)
FNDA:0,(anonymous_15)
DA:1,3
DA:2,3
DA:3,3
DA:5,3
DA:22,3
DA:43,3
DA:44,5
DA:52,3
DA:53,0
DA:54,0
DA:58,0
DA:59,0
DA:62,3
DA:64,3
DA:65,3
LF:15
LH:11
BRF:0
BRH:0
end_of_record
TN:
SF:src/models/service/index.ts
FN:71,(anonymous_2)
FNF:1
FNH:1
FNDA:6,(anonymous_2)
DA:1,3
DA:2,3
DA:34,3
DA:71,3
DA:72,6
DA:73,6
DA:76,3
DA:78,3
DA:79,3
LF:9
LH:9
BRF:0
BRH:0
end_of_record
TN:
SF:src/models/service/statics/index.ts
FN:1,(anonymous_1)
FNF:1
FNH:1
FNDA:3,(anonymous_1)
DA:1,6
LF:1
LH:1
BRF:0
BRH:0
end_of_record
TN:
SF:src/models/service/statics/isValidService.ts
FN:1,isValidService
FNF:1
FNH:1
FNDA:4,isValidService
DA:1,3
DA:2,4
DA:3,4
DA:4,0
DA:6,4
DA:7,0
DA:9,4
DA:10,4
DA:11,0
DA:13,4
DA:14,0
DA:16,4
DA:17,0
DA:19,4
DA:20,0
DA:22,4
DA:23,0
DA:26,4
DA:29,3
LF:19
LH:12
BRDA:3,0,0,0
BRDA:6,1,0,0
BRDA:9,2,0,4
BRDA:10,3,0,0
BRDA:13,4,0,0
BRDA:16,5,0,0
BRDA:16,6,0,4
BRDA:16,6,1,4
BRDA:19,7,0,0
BRDA:19,8,0,4
BRDA:19,8,1,4
BRDA:22,9,0,0
BRDA:22,10,0,4
BRDA:22,10,1,3
BRF:14
BRH:7
end_of_record
TN:
SF:src/models/user/index.ts
FN:58,(anonymous_15)
FN:59,(anonymous_17)
FN:63,(anonymous_18)
FN:65,(anonymous_20)
FN:68,(anonymous_21)
FNF:5
FNH:5
FNDA:2,(anonymous_15)
FNDA:2,(anonymous_17)
FNDA:3,(anonymous_18)
FNDA:3,(anonymous_20)
FNDA:6,(anonymous_21)
DA:1,3
DA:2,3
DA:3,3
DA:5,3
DA:7,3
DA:9,3
DA:32,3
DA:58,3
DA:59,2
DA:60,2
DA:63,3
DA:64,3
DA:65,3
DA:68,3
DA:69,6
DA:70,6
DA:71,6
DA:74,3
DA:76,3
LF:19
LH:19
BRF:0
BRH:0
end_of_record
TN:
SF:src/routes/index.ts
FNF:0
FNH:0
DA:1,3
DA:3,3
DA:4,3
DA:5,3
DA:7,3
DA:9,3
DA:10,3
DA:11,3
DA:13,3
LF:9
LH:9
BRF:0
BRH:0
end_of_record
TN:
SF:src/routes/logos/getDomainRecommendation.ts
FN:12,(anonymous_8)
FN:12,(anonymous_9)
FN:21,(anonymous_10)
FNF:3
FNH:3
FNDA:2,(anonymous_8)
FNDA:2,(anonymous_9)
FNDA:4,(anonymous_10)
DA:2,3
DA:12,3
DA:13,2
DA:14,2
DA:15,2
DA:16,1
DA:19,1
DA:21,4
DA:23,0
DA:24,0
DA:28,3
LF:11
LH:9
BRDA:15,0,0,1
BRF:1
BRH:1
end_of_record
TN:
SF:src/routes/logos/getLogo.ts
FN:14,(anonymous_8)
FN:14,(anonymous_9)
FNF:2
FNH:2
FNDA:1,(anonymous_8)
FNDA:1,(anonymous_9)
DA:2,3
DA:14,3
DA:15,1
DA:16,1
DA:17,1
DA:18,0
DA:21,1
DA:22,1
DA:24,1
DA:26,0
DA:27,0
DA:31,3
LF:12
LH:9
BRDA:17,0,0,0
BRF:1
BRH:0
end_of_record
TN:
SF:src/routes/logos/index.ts
FNF:0
FNH:0
DA:1,3
DA:3,3
DA:5,3
DA:6,3
DA:8,3
DA:11,3
DA:12,3
DA:16,3
LF:8
LH:8
BRF:0
BRH:0
end_of_record
TN:
SF:src/routes/service/createService.ts
FN:9,(anonymous_8)
FN:9,(anonymous_9)
FNF:2
FNH:2
FNDA:5,(anonymous_8)
FNDA:5,(anonymous_9)
DA:2,3
DA:3,3
DA:9,5
DA:10,5
DA:11,5
DA:12,5
DA:13,0
DA:16,5
DA:17,5
DA:18,0
DA:21,5
DA:22,5
DA:23,1
DA:25,4
DA:26,1
DA:30,3
DA:31,0
DA:34,3
DA:35,3
DA:36,0
DA:39,3
DA:47,3
DA:49,3
DA:51,0
DA:52,0
DA:56,3
LF:26
LH:20
BRDA:12,0,0,0
BRDA:17,1,0,0
BRDA:22,2,0,1
BRDA:25,3,0,1
BRDA:30,4,0,0
BRDA:35,5,0,0
BRF:6
BRH:2
end_of_record
TN:
SF:src/routes/service/deleteService.ts
FN:9,(anonymous_8)
FN:9,(anonymous_9)
FNF:2
FNH:2
FNDA:3,(anonymous_8)
FNDA:3,(anonymous_9)
DA:2,3
DA:3,3
DA:9,3
DA:10,3
DA:11,3
DA:12,3
DA:13,0
DA:16,3
DA:17,3
DA:18,0
DA:21,3
DA:22,3
DA:23,1
DA:26,2
DA:27,2
DA:28,1
DA:31,1
DA:32,0
DA:35,1
DA:36,1
DA:37,0
DA:40,1
DA:42,0
DA:43,0
DA:47,3
LF:25
LH:19
BRDA:12,0,0,0
BRDA:17,1,0,0
BRDA:22,2,0,1
BRDA:27,3,0,1
BRDA:31,4,0,0
BRDA:36,5,0,0
BRF:6
BRH:2
end_of_record
TN:
SF:src/routes/service/getServices.ts
FN:10,(anonymous_8)
FN:10,(anonymous_9)
FN:27,(anonymous_10)
FNF:3
FNH:3
FNDA:1,(anonymous_8)
FNDA:1,(anonymous_9)
FNDA:1,(anonymous_10)
DA:2,3
DA:3,3
DA:10,3
DA:11,1
DA:12,1
DA:13,1
DA:14,0
DA:17,1
DA:18,1
DA:19,0
DA:22,1
DA:23,1
DA:24,0
DA:27,1
DA:29,1
DA:31,0
DA:32,0
DA:36,3
LF:18
LH:13
BRDA:13,0,0,0
BRDA:18,1,0,0
BRDA:23,2,0,0
BRF:3
BRH:0
end_of_record
TN:
SF:src/routes/service/index.ts
FNF:0
FNH:0
DA:1,3
DA:3,3
DA:5,3
DA:6,3
DA:7,3
DA:8,3
DA:10,3
DA:12,3
DA:13,3
DA:14,3
DA:15,3
DA:17,3
LF:12
LH:12
BRF:0
BRH:0
end_of_record
TN:
SF:src/routes/service/updateServices.ts
FN:9,(anonymous_8)
FN:9,(anonymous_9)
FNF:2
FNH:2
FNDA:3,(anonymous_8)
FNDA:3,(anonymous_9)
DA:2,3
DA:3,3
DA:9,3
DA:10,3
DA:11,3
DA:12,3
DA:13,0
DA:16,3
DA:17,3
DA:18,0
DA:25,3
DA:26,3
DA:27,1
DA:30,2
DA:31,2
DA:32,1
DA:34,1
DA:35,0
DA:38,1
DA:39,1
DA:40,0
DA:43,1
DA:45,1
DA:46,1
DA:48,0
DA:49,0
DA:53,3
LF:27
LH:21
BRDA:12,0,0,0
BRDA:17,1,0,0
BRDA:26,2,0,1
BRDA:31,3,0,1
BRDA:34,4,0,0
BRDA:39,5,0,0
BRF:6
BRH:2
end_of_record
TN:
SF:src/routes/user/createUser.ts
FN:5,(anonymous_8)
FN:5,(anonymous_9)
FNF:2
FNH:2
FNDA:6,(anonymous_8)
FNDA:6,(anonymous_9)
DA:2,3
DA:3,3
DA:5,6
DA:6,6
DA:8,6
DA:9,1
DA:11,5
DA:12,1
DA:15,4
DA:16,4
DA:17,1
DA:20,3
DA:21,3
DA:23,3
DA:25,3
DA:26,3
DA:28,3
DA:35,3
LF:18
LH:18
BRDA:8,0,0,1
BRDA:11,1,0,1
BRDA:16,2,0,1
BRF:3
BRH:3
end_of_record
TN:
SF:src/routes/user/getUser.ts
FN:9,(anonymous_8)
FN:9,(anonymous_9)
FNF:2
FNH:2
FNDA:1,(anonymous_8)
FNDA:1,(anonymous_9)
DA:2,3
DA:9,3
DA:10,1
DA:11,1
DA:12,1
DA:13,1
DA:14,0
DA:17,1
DA:18,1
DA:19,0
DA:22,1
DA:23,1
DA:26,0
DA:27,0
DA:31,3
LF:15
LH:11
BRDA:13,0,0,0
BRDA:18,1,0,0
BRF:2
BRH:0
end_of_record
TN:
SF:src/routes/user/index.ts
FNF:0
FNH:0
DA:1,3
DA:3,3
DA:5,3
DA:6,3
DA:7,3
DA:8,3
DA:11,3
DA:13,3
DA:15,3
DA:16,3
DA:17,3
DA:22,3
LF:12
LH:12
BRF:0
BRH:0
end_of_record
TN:
SF:src/routes/user/loginUser.ts
FN:5,(anonymous_8)
FN:5,(anonymous_9)
FNF:2
FNH:2
FNDA:2,(anonymous_8)
FNDA:2,(anonymous_9)
DA:2,3
DA:3,3
DA:5,3
DA:6,2
DA:7,2
DA:9,2
DA:10,0
DA:13,2
DA:14,2
DA:15,0
DA:18,2
DA:19,2
DA:21,2
DA:28,0
DA:29,0
DA:33,3
LF:16
LH:12
BRDA:9,0,0,0
BRDA:9,1,0,2
BRDA:9,1,1,2
BRDA:14,2,0,0
BRDA:14,3,0,2
BRDA:14,3,1,2
BRF:6
BRH:4
end_of_record
TN:
SF:src/routes/user/refreshToken.ts
FN:5,(anonymous_8)
FN:5,(anonymous_9)
FNF:2
FNH:2
FNDA:3,(anonymous_8)
FNDA:3,(anonymous_9)
DA:2,3
DA:3,3
DA:5,3
DA:6,3
DA:7,3
DA:9,3
DA:10,1
DA:13,2
DA:14,2
DA:15,1
DA:17,1
DA:18,0
DA:21,1
DA:22,1
DA:23,0
DA:26,1
DA:28,1
DA:31,0
DA:32,0
DA:36,3
LF:20
LH:16
BRDA:9,0,0,1
BRDA:14,1,0,1
BRDA:17,2,0,0
BRDA:22,3,0,0
BRF:4
BRH:2
end_of_record
TN:
SF:src/services/mongoose.ts
FN:5,(anonymous_8)
FN:9,(anonymous_9)
FN:16,(anonymous_10)
FN:16,(anonymous_11)
FNF:4
FNH:1
FNDA:3,(anonymous_8)
FNDA:0,(anonymous_9)
FNDA:0,(anonymous_10)
FNDA:0,(anonymous_11)
DA:3,3
DA:5,3
DA:6,3
DA:9,3
DA:10,0
DA:11,0
DA:14,3
DA:16,3
DA:17,0
DA:18,0
DA:22,0
DA:25,3
LF:12
LH:7
BRF:0
BRH:0
end_of_record
TN:
SF:src/services/socket.ts
FN:26,(anonymous_7)
FN:34,(anonymous_8)
FN:42,(anonymous_10)
FN:46,(anonymous_11)
FN:49,(anonymous_13)
FN:53,(anonymous_15)
FN:57,(anonymous_17)
FN:62,(anonymous_19)
FN:71,(anonymous_21)
FN:76,(anonymous_23)
FN:77,(anonymous_24)
FN:78,(anonymous_25)
FN:79,(anonymous_26)
FNF:13
FNH:2
FNDA:3,(anonymous_7)
FNDA:3,(anonymous_8)
FNDA:0,(anonymous_10)
FNDA:0,(anonymous_11)
FNDA:0,(anonymous_13)
FNDA:0,(anonymous_15)
FNDA:0,(anonymous_17)
FNDA:0,(anonymous_19)
FNDA:0,(anonymous_21)
FNDA:0,(anonymous_23)
FNDA:0,(anonymous_24)
FNDA:0,(anonymous_25)
FNDA:0,(anonymous_26)
DA:3,3
DA:27,3
DA:28,3
DA:36,3
DA:42,3
DA:43,3
DA:72,0
DA:75,0
DA:76,0
DA:77,0
DA:78,0
DA:79,0
DA:84,3
DA:86,3
LF:14
LH:8
BRF:0
BRH:0
end_of_record
TN:
SF:tests/integration/helpers/setupDB.ts
FN:6,(anonymous_8)
FN:6,(anonymous_9)
FN:18,(anonymous_10)
FN:18,(anonymous_11)
FN:24,(anonymous_12)
FN:24,(anonymous_13)
FNF:6
FNH:4
FNDA:3,(anonymous_8)
FNDA:3,(anonymous_9)
FNDA:0,(anonymous_10)
FNDA:0,(anonymous_11)
FNDA:3,(anonymous_12)
FNDA:3,(anonymous_13)
DA:1,3
DA:2,3
DA:6,3
DA:7,3
DA:10,3
DA:12,3
DA:14,3
DA:15,3
DA:18,3
DA:19,0
DA:20,0
DA:21,0
DA:24,3
DA:25,3
DA:26,3
DA:27,9
DA:31,3
LF:17
LH:14
BRF:0
BRH:0
end_of_record
